0 verbose cli [
0 verbose cli   'C:\\Program Files\\nodejs\\node.exe',
0 verbose cli   'C:\\Users\\Yasser Sahli\\AppData\\Roaming\\npm\\node_modules\\npm\\bin\\npm-cli.js',
0 verbose cli   'install',
0 verbose cli   'socket.io-client'
0 verbose cli ]
1 info using npm@7.6.3
2 info using node@v14.16.0
3 timing config:load:defaults Completed in 2ms
4 timing config:load:file:C:\Users\Yasser Sahli\AppData\Roaming\npm\node_modules\npm\npmrc Completed in 2ms
5 timing config:load:builtin Completed in 2ms
6 timing config:load:cli Completed in 2ms
7 timing config:load:env Completed in 1ms
8 timing config:load:file:C:\Users\Yasser Sahli\Desktop\justcrock.com\front-justcrock.com\.npmrc Completed in 1ms
9 timing config:load:project Completed in 1ms
10 timing config:load:file:C:\Users\Yasser Sahli\.npmrc Completed in 0ms
11 timing config:load:user Completed in 0ms
12 timing config:load:file:C:\Users\Yasser Sahli\AppData\Roaming\npm\etc\npmrc Completed in 0ms
13 timing config:load:global Completed in 1ms
14 timing config:load:cafile Completed in 1ms
15 timing config:load:validate Completed in 0ms
16 timing config:load:setUserAgent Completed in 1ms
17 timing config:load:setEnvs Completed in 1ms
18 timing config:load Completed in 12ms
19 verbose npm-session e9914b1b40380204
20 timing npm:load Completed in 26ms
21 timing arborist:ctor Completed in 1ms
22 timing idealTree:init Completed in 881ms
23 timing idealTree:userRequests Completed in 7ms
24 silly idealTree buildDeps
25 silly fetch manifest ngx-rating@0.0.9
26 verbose shrinkwrap failed to load node_modules/.package-lock.json out of date, updated: node_modules
27 http fetch GET 200 https://registry.npmjs.org/ngx-rating 2801ms
28 silly fetch manifest @angular/core@~11.2.4
29 http fetch GET 304 https://registry.npmjs.org/@angular%2fcore 272ms (from cache)
30 silly fetch manifest @angular/core@^2.0.0
31 silly fetch manifest rxjs@~6.6.0
32 http fetch GET 200 https://registry.npmjs.org/rxjs 727ms
33 silly fetch manifest zone.js@~0.11.3
34 http fetch GET 304 https://registry.npmjs.org/zone.js 150ms (from cache)
35 timing idealTree Completed in 4887ms
36 timing command:install Completed in 4902ms
37 verbose stack Error: unable to resolve dependency tree
37 verbose stack     at Arborist.[failPeerConflict] (C:\Users\Yasser Sahli\AppData\Roaming\npm\node_modules\npm\node_modules\@npmcli\arborist\lib\arborist\build-ideal-tree.js:1157:25)
37 verbose stack     at Arborist.[loadPeerSet] (C:\Users\Yasser Sahli\AppData\Roaming\npm\node_modules\npm\node_modules\@npmcli\arborist\lib\arborist\build-ideal-tree.js:1134:34)
37 verbose stack     at async Arborist.[buildDepStep] (C:\Users\Yasser Sahli\AppData\Roaming\npm\node_modules\npm\node_modules\@npmcli\arborist\lib\arborist\build-ideal-tree.js:838:11)
37 verbose stack     at async Arborist.buildIdealTree (C:\Users\Yasser Sahli\AppData\Roaming\npm\node_modules\npm\node_modules\@npmcli\arborist\lib\arborist\build-ideal-tree.js:209:7)
37 verbose stack     at async Promise.all (index 1)
37 verbose stack     at async Arborist.reify (C:\Users\Yasser Sahli\AppData\Roaming\npm\node_modules\npm\node_modules\@npmcli\arborist\lib\arborist\reify.js:131:5)
37 verbose stack     at async Install.install (C:\Users\Yasser Sahli\AppData\Roaming\npm\node_modules\npm\lib\install.js:120:5)
38 verbose cwd C:\Users\Yasser Sahli\Desktop\justcrock.com\front-justcrock.com
39 verbose Windows_NT 10.0.18363
40 verbose argv "C:\\Program Files\\nodejs\\node.exe" "C:\\Users\\Yasser Sahli\\AppData\\Roaming\\npm\\node_modules\\npm\\bin\\npm-cli.js" "install" "socket.io-client"
41 verbose node v14.16.0
42 verbose npm  v7.6.3
43 error code ERESOLVE
44 error ERESOLVE unable to resolve dependency tree
45 error
46 error While resolving: [1mfront-end[22m@[1m0.0.0[22m
46 error Found: [1m@angular/core[22m@[1m11.2.11[22m[2m[22m
46 error [2mnode_modules/@angular/core[22m
46 error   [1m@angular/core[22m@"[1m~11.2.4[22m" from the root project
46 error
46 error Could not resolve dependency:
46 error [35mpeer[39m [1m@angular/core[22m@"[1m^2.0.0[22m" from [1mngx-rating[22m@[1m0.0.9[22m[2m[22m
46 error [2mnode_modules/ngx-rating[22m
46 error   [1mngx-rating[22m@"[1m0.0.9[22m" from the root project
46 error
46 error Fix the upstream dependency conflict, or retry
46 error this command with --force, or --legacy-peer-deps
46 error to accept an incorrect (and potentially broken) dependency resolution.
46 error
46 error See C:\Users\Yasser Sahli\Desktop\justcrock.com\front-justcrock.com\eresolve-report.txt for a full report.
47 verbose exit 1
