0 verbose cli [
0 verbose cli   'C:\\Program Files\\nodejs\\node.exe',
0 verbose cli   'C:\\Users\\Yasser Sahli\\AppData\\Roaming\\npm\\node_modules\\npm\\bin\\npm-cli.js',
0 verbose cli   'i',
0 verbose cli   'angular-responsive-carousel'
0 verbose cli ]
1 info using npm@7.6.3
2 info using node@v14.16.0
3 timing config:load:defaults Completed in 1ms
4 timing config:load:file:C:\Users\Yasser Sahli\AppData\Roaming\npm\node_modules\npm\npmrc Completed in 1ms
5 timing config:load:builtin Completed in 1ms
6 timing config:load:cli Completed in 2ms
7 timing config:load:env Completed in 1ms
8 timing config:load:file:C:\Users\Yasser Sahli\Desktop\justcrock.com\front-justcrock.com\.npmrc Completed in 1ms
9 timing config:load:project Completed in 1ms
10 timing config:load:file:C:\Users\Yasser Sahli\.npmrc Completed in 0ms
11 timing config:load:user Completed in 0ms
12 timing config:load:file:C:\Users\Yasser Sahli\AppData\Roaming\npm\etc\npmrc Completed in 0ms
13 timing config:load:global Completed in 1ms
14 timing config:load:cafile Completed in 0ms
15 timing config:load:validate Completed in 1ms
16 timing config:load:setUserAgent Completed in 0ms
17 timing config:load:setEnvs Completed in 1ms
18 timing config:load Completed in 9ms
19 verbose npm-session 9b457324de70d439
20 timing npm:load Completed in 20ms
21 timing arborist:ctor Completed in 1ms
22 timing idealTree:init Completed in 550ms
23 timing idealTree:userRequests Completed in 4ms
24 silly idealTree buildDeps
25 silly fetch manifest angular-responsive-carousel@^2.0.2
26 timing arborist:ctor Completed in 0ms
27 http fetch GET 200 https://registry.npmjs.org/angular-responsive-carousel 1543ms
28 silly fetch manifest @angular/common@~11.2.4
29 http fetch GET 304 https://registry.npmjs.org/@angular%2fcommon 131ms (from cache)
30 silly fetch manifest @angular/common@^10.0.5
31 silly fetch manifest @angular/core@~11.2.4
32 http fetch GET 304 https://registry.npmjs.org/@angular%2fcore 117ms (from cache)
33 silly fetch manifest rxjs@~6.6.0
34 http fetch GET 200 https://registry.npmjs.org/rxjs 26ms (from cache)
35 silly fetch manifest zone.js@~0.11.3
36 http fetch GET 304 https://registry.npmjs.org/zone.js 91ms (from cache)
37 timing idealTree Completed in 2518ms
38 timing command:i Completed in 2528ms
39 verbose stack Error: unable to resolve dependency tree
39 verbose stack     at Arborist.[failPeerConflict] (C:\Users\Yasser Sahli\AppData\Roaming\npm\node_modules\npm\node_modules\@npmcli\arborist\lib\arborist\build-ideal-tree.js:1157:25)
39 verbose stack     at Arborist.[loadPeerSet] (C:\Users\Yasser Sahli\AppData\Roaming\npm\node_modules\npm\node_modules\@npmcli\arborist\lib\arborist\build-ideal-tree.js:1134:34)
39 verbose stack     at async Arborist.[buildDepStep] (C:\Users\Yasser Sahli\AppData\Roaming\npm\node_modules\npm\node_modules\@npmcli\arborist\lib\arborist\build-ideal-tree.js:838:11)
39 verbose stack     at async Arborist.buildIdealTree (C:\Users\Yasser Sahli\AppData\Roaming\npm\node_modules\npm\node_modules\@npmcli\arborist\lib\arborist\build-ideal-tree.js:209:7)
39 verbose stack     at async Promise.all (index 1)
39 verbose stack     at async Arborist.reify (C:\Users\Yasser Sahli\AppData\Roaming\npm\node_modules\npm\node_modules\@npmcli\arborist\lib\arborist\reify.js:131:5)
39 verbose stack     at async Install.install (C:\Users\Yasser Sahli\AppData\Roaming\npm\node_modules\npm\lib\install.js:120:5)
40 verbose cwd C:\Users\Yasser Sahli\Desktop\justcrock.com\front-justcrock.com
41 verbose Windows_NT 10.0.18363
42 verbose argv "C:\\Program Files\\nodejs\\node.exe" "C:\\Users\\Yasser Sahli\\AppData\\Roaming\\npm\\node_modules\\npm\\bin\\npm-cli.js" "i" "angular-responsive-carousel"
43 verbose node v14.16.0
44 verbose npm  v7.6.3
45 error code ERESOLVE
46 error ERESOLVE unable to resolve dependency tree
47 error
48 error While resolving: [1mfront-end[22m@[1m0.0.0[22m
48 error Found: [1m@angular/common[22m@[1m11.2.11[22m[2m[22m
48 error [2mnode_modules/@angular/common[22m
48 error   [1m@angular/common[22m@"[1m~11.2.4[22m" from the root project
48 error
48 error Could not resolve dependency:
48 error [35mpeer[39m [1m@angular/common[22m@"[1m^10.0.5[22m" from [1mangular-responsive-carousel[22m@[1m2.0.2[22m[2m[22m
48 error [2mnode_modules/angular-responsive-carousel[22m
48 error   [1mangular-responsive-carousel[22m@"[1m^2.0.2[22m" from the root project
48 error
48 error Fix the upstream dependency conflict, or retry
48 error this command with --force, or --legacy-peer-deps
48 error to accept an incorrect (and potentially broken) dependency resolution.
48 error
48 error See C:\Users\Yasser Sahli\Desktop\justcrock.com\front-justcrock.com\eresolve-report.txt for a full report.
49 verbose exit 1
