0 verbose cli [
0 verbose cli   'C:\\Program Files\\nodejs\\node.exe',
0 verbose cli   'C:\\Users\\Yasser Sahli\\AppData\\Roaming\\npm\\node_modules\\npm\\bin\\npm-cli.js',
0 verbose cli   'install',
0 verbose cli   'ng2-carouselamos',
0 verbose cli   '--save'
0 verbose cli ]
1 info using npm@7.6.3
2 info using node@v14.16.0
3 timing config:load:defaults Completed in 2ms
4 timing config:load:file:C:\Users\Yasser Sahli\AppData\Roaming\npm\node_modules\npm\npmrc Completed in 2ms
5 timing config:load:builtin Completed in 2ms
6 timing config:load:cli Completed in 2ms
7 timing config:load:env Completed in 1ms
8 timing config:load:file:C:\Users\Yasser Sahli\Desktop\justcrock.com\front-justcrock.com\.npmrc Completed in 0ms
9 timing config:load:project Completed in 1ms
10 timing config:load:file:C:\Users\Yasser Sahli\.npmrc Completed in 1ms
11 timing config:load:user Completed in 1ms
12 timing config:load:file:C:\Users\Yasser Sahli\AppData\Roaming\npm\etc\npmrc Completed in 1ms
13 timing config:load:global Completed in 1ms
14 timing config:load:cafile Completed in 0ms
15 timing config:load:validate Completed in 0ms
16 timing config:load:setUserAgent Completed in 1ms
17 timing config:load:setEnvs Completed in 1ms
18 timing config:load Completed in 12ms
19 verbose npm-session 6502ff02a67fd208
20 timing npm:load Completed in 25ms
21 timing arborist:ctor Completed in 0ms
22 timing idealTree:init Completed in 704ms
23 timing idealTree:userRequests Completed in 6ms
24 silly idealTree buildDeps
25 silly fetch manifest ng2-carouselamos@*
26 verbose shrinkwrap failed to load node_modules/.package-lock.json out of date, updated: node_modules
27 http fetch GET 200 https://registry.npmjs.org/ng2-carouselamos 1660ms
28 silly fetch manifest @angular/common@~11.2.4
29 http fetch GET 200 https://registry.npmjs.org/@angular%2fcommon 2139ms
30 silly fetch manifest @angular/common@^8.2.9
31 silly fetch manifest @angular/core@~11.2.4
32 http fetch GET 200 https://registry.npmjs.org/@angular%2fcore 1138ms
33 silly fetch manifest rxjs@~6.6.0
34 http fetch GET 200 https://registry.npmjs.org/rxjs 736ms
35 silly fetch manifest zone.js@~0.11.3
36 http fetch GET 200 https://registry.npmjs.org/zone.js 334ms
37 timing idealTree Completed in 6756ms
38 timing command:install Completed in 6767ms
39 verbose stack Error: unable to resolve dependency tree
39 verbose stack     at Arborist.[failPeerConflict] (C:\Users\Yasser Sahli\AppData\Roaming\npm\node_modules\npm\node_modules\@npmcli\arborist\lib\arborist\build-ideal-tree.js:1157:25)
39 verbose stack     at Arborist.[loadPeerSet] (C:\Users\Yasser Sahli\AppData\Roaming\npm\node_modules\npm\node_modules\@npmcli\arborist\lib\arborist\build-ideal-tree.js:1134:34)
39 verbose stack     at async Arborist.[buildDepStep] (C:\Users\Yasser Sahli\AppData\Roaming\npm\node_modules\npm\node_modules\@npmcli\arborist\lib\arborist\build-ideal-tree.js:838:11)
39 verbose stack     at async Arborist.buildIdealTree (C:\Users\Yasser Sahli\AppData\Roaming\npm\node_modules\npm\node_modules\@npmcli\arborist\lib\arborist\build-ideal-tree.js:209:7)
39 verbose stack     at async Promise.all (index 1)
39 verbose stack     at async Arborist.reify (C:\Users\Yasser Sahli\AppData\Roaming\npm\node_modules\npm\node_modules\@npmcli\arborist\lib\arborist\reify.js:131:5)
39 verbose stack     at async Install.install (C:\Users\Yasser Sahli\AppData\Roaming\npm\node_modules\npm\lib\install.js:120:5)
40 verbose cwd C:\Users\Yasser Sahli\Desktop\justcrock.com\front-justcrock.com
41 verbose Windows_NT 10.0.18363
42 verbose argv "C:\\Program Files\\nodejs\\node.exe" "C:\\Users\\Yasser Sahli\\AppData\\Roaming\\npm\\node_modules\\npm\\bin\\npm-cli.js" "install" "ng2-carouselamos" "--save"
43 verbose node v14.16.0
44 verbose npm  v7.6.3
45 error code ERESOLVE
46 error ERESOLVE unable to resolve dependency tree
47 error
48 error While resolving: [1mfront-end[22m@[1m0.0.0[22m
48 error Found: [1m@angular/common[22m@[1m11.2.11[22m[2m[22m
48 error [2mnode_modules/@angular/common[22m
48 error   [1m@angular/common[22m@"[1m~11.2.4[22m" from the root project
48 error
48 error Could not resolve dependency:
48 error [35mpeer[39m [1m@angular/common[22m@"[1m^8.2.9[22m" from [1mng2-carouselamos[22m@[1m4.1.0[22m[2m[22m
48 error [2mnode_modules/ng2-carouselamos[22m
48 error   [1mng2-carouselamos[22m@"[1m*[22m" from the root project
48 error
48 error Fix the upstream dependency conflict, or retry
48 error this command with --force, or --legacy-peer-deps
48 error to accept an incorrect (and potentially broken) dependency resolution.
48 error
48 error See C:\Users\Yasser Sahli\Desktop\justcrock.com\front-justcrock.com\eresolve-report.txt for a full report.
49 verbose exit 1
