0 verbose cli [
0 verbose cli   'C:\\Program Files\\nodejs\\node.exe',
0 verbose cli   'C:\\Users\\Yasser Sahli\\AppData\\Roaming\\npm\\node_modules\\npm\\bin\\npm-cli.js',
0 verbose cli   'install',
0 verbose cli   'ngx-slick-carousel',
0 verbose cli   '--save'
0 verbose cli ]
1 info using npm@7.6.3
2 info using node@v14.16.0
3 timing config:load:defaults Completed in 2ms
4 timing config:load:file:C:\Users\Yasser Sahli\AppData\Roaming\npm\node_modules\npm\npmrc Completed in 2ms
5 timing config:load:builtin Completed in 2ms
6 timing config:load:cli Completed in 3ms
7 timing config:load:env Completed in 2ms
8 timing config:load:file:C:\Users\Yasser Sahli\Desktop\justcrock.com\front-justcrock.com\.npmrc Completed in 0ms
9 timing config:load:project Completed in 1ms
10 timing config:load:file:C:\Users\Yasser Sahli\.npmrc Completed in 1ms
11 timing config:load:user Completed in 1ms
12 timing config:load:file:C:\Users\Yasser Sahli\AppData\Roaming\npm\etc\npmrc Completed in 1ms
13 timing config:load:global Completed in 1ms
14 timing config:load:cafile Completed in 0ms
15 timing config:load:validate Completed in 0ms
16 timing config:load:setUserAgent Completed in 0ms
17 timing config:load:setEnvs Completed in 1ms
18 timing config:load Completed in 14ms
19 verbose npm-session 6bab8b939f0c6f22
20 timing npm:load Completed in 30ms
21 timing arborist:ctor Completed in 2ms
22 timing idealTree:init Completed in 1075ms
23 timing idealTree:userRequests Completed in 9ms
24 silly idealTree buildDeps
25 silly fetch manifest ngx-slick-carousel@*
26 timing arborist:ctor Completed in 0ms
27 http fetch GET 200 https://registry.npmjs.org/ngx-slick-carousel 2696ms
28 silly fetch manifest @angular/common@~11.2.4
29 http fetch GET 304 https://registry.npmjs.org/@angular%2fcommon 211ms (from cache)
30 silly fetch manifest @angular/common@^7.0.0 || ^8.0.0 || ^9.0.0
31 silly fetch manifest @angular/core@~11.2.4
32 http fetch GET 304 https://registry.npmjs.org/@angular%2fcore 302ms (from cache)
33 silly fetch manifest rxjs@~6.6.0
34 http fetch GET 304 https://registry.npmjs.org/rxjs 195ms (from cache)
35 silly fetch manifest zone.js@~0.11.3
36 http fetch GET 304 https://registry.npmjs.org/zone.js 500ms (from cache)
37 timing idealTree Completed in 5059ms
38 timing command:install Completed in 5080ms
39 verbose stack Error: unable to resolve dependency tree
39 verbose stack     at Arborist.[failPeerConflict] (C:\Users\Yasser Sahli\AppData\Roaming\npm\node_modules\npm\node_modules\@npmcli\arborist\lib\arborist\build-ideal-tree.js:1157:25)
39 verbose stack     at Arborist.[loadPeerSet] (C:\Users\Yasser Sahli\AppData\Roaming\npm\node_modules\npm\node_modules\@npmcli\arborist\lib\arborist\build-ideal-tree.js:1134:34)
39 verbose stack     at async Arborist.[buildDepStep] (C:\Users\Yasser Sahli\AppData\Roaming\npm\node_modules\npm\node_modules\@npmcli\arborist\lib\arborist\build-ideal-tree.js:838:11)
39 verbose stack     at async Arborist.buildIdealTree (C:\Users\Yasser Sahli\AppData\Roaming\npm\node_modules\npm\node_modules\@npmcli\arborist\lib\arborist\build-ideal-tree.js:209:7)
39 verbose stack     at async Promise.all (index 1)
39 verbose stack     at async Arborist.reify (C:\Users\Yasser Sahli\AppData\Roaming\npm\node_modules\npm\node_modules\@npmcli\arborist\lib\arborist\reify.js:131:5)
39 verbose stack     at async Install.install (C:\Users\Yasser Sahli\AppData\Roaming\npm\node_modules\npm\lib\install.js:120:5)
40 verbose cwd C:\Users\Yasser Sahli\Desktop\justcrock.com\front-justcrock.com
41 verbose Windows_NT 10.0.18363
42 verbose argv "C:\\Program Files\\nodejs\\node.exe" "C:\\Users\\Yasser Sahli\\AppData\\Roaming\\npm\\node_modules\\npm\\bin\\npm-cli.js" "install" "ngx-slick-carousel" "--save"
43 verbose node v14.16.0
44 verbose npm  v7.6.3
45 error code ERESOLVE
46 error ERESOLVE unable to resolve dependency tree
47 error
48 error While resolving: [1mfront-end[22m@[1m0.0.0[22m
48 error Found: [1m@angular/common[22m@[1m11.2.11[22m[2m[22m
48 error [2mnode_modules/@angular/common[22m
48 error   [1m@angular/common[22m@"[1m~11.2.4[22m" from the root project
48 error
48 error Could not resolve dependency:
48 error [35mpeer[39m [1m@angular/common[22m@"[1m^7.0.0 || ^8.0.0 || ^9.0.0[22m" from [1mngx-slick-carousel[22m@[1m0.5.1[22m[2m[22m
48 error [2mnode_modules/ngx-slick-carousel[22m
48 error   [1mngx-slick-carousel[22m@"[1m*[22m" from the root project
48 error
48 error Fix the upstream dependency conflict, or retry
48 error this command with --force, or --legacy-peer-deps
48 error to accept an incorrect (and potentially broken) dependency resolution.
48 error
48 error See C:\Users\Yasser Sahli\Desktop\justcrock.com\front-justcrock.com\eresolve-report.txt for a full report.
49 verbose exit 1
